C:\Users\Nishat\Desktop\nishat work\dc-8-0000_ Sat-2_pre pw_Shakbaria_1.00Km\dc-8-0177 khu-1_pre pw_bhairab_150m.dwg,Model,1/25/2023 12:16:50 PM,Nishat,Canon iR2520 UFRII LT.pc3,A3,1:0.280173,
C:\Users\Nishat\Desktop\nishat work\dc-8-0000_ Sat-2_pre pw_Shakbaria_1.00Km\dc-8-0177 khu-1_pre pw_bhairab_150m.dwg,Model,1/25/2023 12:16:59 PM,Nishat,Canon iR2520 UFRII LT.pc3,A3,1:0.200806,
C:\Users\Nishat\Desktop\nishat work\dc-8-0000_ Sat-2_pre pw_Shakbaria_1.00Km\dc-8-0177 khu-1_pre pw_bhairab_150m.dwg,Model,1/25/2023 12:17:08 PM,Nishat,Canon iR2520 UFRII LT.pc3,A3,1:0.3319,
C:\Users\Nishat\Desktop\nishat work\dc-8-0000_ Sat-2_pre pw_Shakbaria_1.00Km\dc-8-0177 khu-1_pre pw_bhairab_150m.dwg,Model,1/25/2023 12:17:20 PM,Nishat,Canon iR2520 UFRII LT.pc3,A3,1:0.39828,
C:\Users\Nishat\Desktop\nishat work\dc-8-0000_ Sat-2_pre pw_Shakbaria_1.00Km\dc-8-0000_ sAT-2_pre pw_Shakbaria_1.00 KM.dwg,Model,1/26/2023 12:09:00 PM,Nishat,Canon iR2520 UFRII LT.pc3,A3,1:0.280173,
C:\Users\Nishat\Desktop\nishat work\dc-8-0000_ Sat-2_pre pw_Shakbaria_1.00Km\dc-8-0000_ sAT-2_pre pw_Shakbaria_1.00 KM.dwg,Model,1/26/2023 12:09:17 PM,Nishat,Canon iR2520 UFRII LT.pc3,A3,1:0.276307,
C:\Users\Nishat\Desktop\nishat work\dc-8-0000_ Sat-2_pre pw_Shakbaria_1.00Km\dc-8-0000_ sAT-2_pre pw_Shakbaria_1.00 KM.dwg,Model,1/26/2023 12:09:34 PM,Nishat,Canon iR2520 UFRII LT.pc3,A3,1:0.200806,
C:\Users\Nishat\Desktop\nishat work\dc-8-0000_ Sat-2_pre pw_Shakbaria_1.00Km\dc-8-0000_ sAT-2_pre pw_Shakbaria_1.00 KM.dwg,Model,1/26/2023 12:09:47 PM,Nishat,Canon iR2520 UFRII LT.pc3,A3,1:0.39828,
C:\Users\Nishat\Desktop\nishat work\dc-8-0000_ Sat-2_pre pw_Shakbaria_1.00Km\dc-8-0000_ sAT-2_pre pw_Shakbaria_1.00 KM.dwg,Model,1/26/2023 12:10:28 PM,Nishat,Canon iR2520 UFRII LT.pc3,A3,1:0.3319,
C:\Users\Nishat\Desktop\nishat work\dc-8-0000_ Sat-2_pre pw_Shakbaria_1.00Km\dc-8-0000_ sAT-2_pre pw_Shakbaria_1.00 KM.dwg,Model,1/26/2023 2:56:27 PM,Nishat,Canon iR2520 UFRII LT.pc3,A3,1:0.200806,
C:\Users\Nishat\Desktop\nishat work\dc-8-0000_ Sat-2_pre pw_Shakbaria_1.00Km\dc-8-0000_ sAT-2_pre pw_Shakbaria_1.00 KM.dwg,Model,1/29/2023 2:48:32 PM,Nishat,HP LaserJet 700 M712 [A31AA6].pc3,A3,1:0.278986,
C:\Users\Nishat\Desktop\nishat work\dc-8-0000_ Sat-2_pre pw_Shakbaria_1.00Km\dc-8-0000_ sAT-2_pre pw_Shakbaria_1.00 KM.dwg,Model,1/29/2023 2:49:25 PM,Nishat,HP LaserJet 700 M712 [A31AA6].pc3,A3,1:0.199956,
C:\Users\Nishat\Desktop\nishat work\dc-8-0000_ Sat-2_pre pw_Shakbaria_1.00Km\dc-8-0000_ sAT-2_pre pw_Shakbaria_1.00 KM.dwg,Model,1/29/2023 2:50:10 PM,Nishat,HP LaserJet 700 M712 [A31AA6].pc3,A3,1:0.396594,
C:\Users\Nishat\Desktop\nishat work\dc-8-0000_ Sat-2_pre pw_Shakbaria_1.00Km\dc-8-0000_ sAT-2_pre pw_Shakbaria_1.00 KM.dwg,Model,1/29/2023 2:50:21 PM,Nishat,HP LaserJet 700 M712 [A31AA6].pc3,A3,1:0.330495,
C:\Users\Nishat\Desktop\nishat work\dc-8-0000_ Sat-2_pre pw_Shakbaria_1.00Km\dc-8-0000_ sAT-2_pre pw_Shakbaria_1.00 KM.dwg,Model,1/29/2023 2:58:26 PM,Nishat,LBP8100n.pc3,A3,1:0.276307,
C:\Users\Nishat\Desktop\nishat work\dc-8-0338_ Sat-2_pre pw_Shakbaria_1.00Km\dc-8-0338_ sAT-2_pre pw_Shakbaria_1.00 KM.dwg,Model,2/8/2023 12:14:23 PM,Nishat,Canon iR2520 UFRII LT.pc3,A3,1:0.344995,
C:\Users\Nishat\Desktop\nishat work\dc-8-0338_ Sat-2_pre pw_Shakbaria_1.00Km\dc-8-0000_ sAT-1_pre pw_Shakbaria_0.100 KM.dwg,Model,2/8/2023 1:19:15 PM,Nishat,Canon iR2520 UFRII LT.pc3,A3,1:0.280173,
C:\Users\Nishat\Desktop\nishat work\dc-8-0338_ Sat-2_pre pw_Shakbaria_1.00Km\dc-8-0000_ sAT-1_pre pw_Shakbaria_0.100 KM.dwg,Model,2/8/2023 1:19:27 PM,Nishat,Canon iR2520 UFRII LT.pc3,A3,1:0.276307,
C:\Users\Nishat\Desktop\nishat work\dc-8-0338_ Sat-2_pre pw_Shakbaria_1.00Km\dc-8-0000_ sAT-1_pre pw_Shakbaria_0.100 KM.dwg,Model,2/8/2023 1:19:39 PM,Nishat,Canon iR2520 UFRII LT.pc3,A3,1:0.200806,
C:\Users\Nishat\Desktop\nishat work\dc-8-0338_ Sat-2_pre pw_Shakbaria_1.00Km\dc-8-0000_ sAT-1_pre pw_Shakbaria_0.100 KM.dwg,Model,2/8/2023 1:19:52 PM,Nishat,Canon iR2520 UFRII LT.pc3,A3,1:0.358452,
C:\Users\Nishat\Desktop\nishat work\dc-8-0000_ Sat-1_pre pw_Shakbaria_0.100Km\dc-8-0000_ sAT-1_pre pw_Shakbaria_0.100 KM.dwg,Model,2/8/2023 1:22:22 PM,Nishat,Canon iR2520 UFRII LT.pc3,A3,1:0.358452,
C:\Users\Nishat\Desktop\nishat work\dc-8-0000_ Sat-1_pre pw_Shakbaria_0.100Km\dc-8-0000_ sAT-1_pre pw_Shakbaria_0.100 KM.dwg,Model,2/8/2023 2:45:44 PM,Nishat,Canon iR2520 UFRII LT.pc3,A3,1:0.358452,
C:\Users\Nishat\Desktop\nishat work\dc-8-0000_ Sat-1_pre pw_Shakbaria_0.100Km\dc-8-0000_ sAT-1_pre pw_Shakbaria_0.100 KM.dwg,Model,2/8/2023 2:45:54 PM,Nishat,Canon iR2520 UFRII LT.pc3,A3,1:0.200806,
C:\Users\Nishat\Desktop\nishat work\dc-8-0000_ Sat-1_pre pw_Shakbaria_0.100Km\dc-8-0000_ sAT-1_pre pw_Shakbaria_0.100 KM.dwg,Model,2/9/2023 1:45:22 PM,Nishat,HP LaserJet 700 M712 [A31AA6].pc3,A3,1:0.278986,
C:\Users\Nishat\Desktop\nishat work\dc-8-0000_ Sat-1_pre pw_Shakbaria_0.100Km\dc-8-0000_ sAT-1_pre pw_Shakbaria_0.100 KM.dwg,Model,2/9/2023 1:45:45 PM,Nishat,HP LaserJet 700 M712 [A31AA6].pc3,A3,1:0.199956,
C:\Users\Nishat\Desktop\nishat work\dc-8-0000_ Sat-1_pre pw_Shakbaria_0.100Km\dc-8-0000_ sAT-1_pre pw_Shakbaria_0.100 KM.dwg,Model,2/9/2023 1:49:19 PM,Nishat,HP LaserJet 700 M712 [A31AA6].pc3,A3,1:0.199956,
C:\Users\Nishat\Desktop\nishat work\dc-8-0000_ Sat-1_pre pw_Shakbaria_0.100Km\dc-8-0000_ sAT-1_pre pw_Shakbaria_0.100 KM.dwg,Model,2/9/2023 1:50:52 PM,Nishat,HP LaserJet 700 M712 [A31AA6].pc3,A3,1:0.356934,
C:\Users\Nishat\Desktop\nishat work\dc-8-0000_ Sat-1_pre pw_Shakbaria_0.100Km\dc-8-0000_ sAT-1_pre pw_Shakbaria_0.100 KM.dwg,Model,2/9/2023 1:56:57 PM,Nishat,HP LaserJet 700 M712 [A31AA6].pc3,A3,1:0.356934,
C:\Users\Nishat\Desktop\nishat work\dc-8-0000_ Sat-1_pre pw_Shakbaria_0.100Km\dc-8-0000_ sAT-1_pre pw_Shakbaria_0.100 KM.dwg,Model,2/9/2023 2:12:28 PM,Nishat,HP LaserJet 700 M712 [A31AA6].pc3,A3,1:0.278986,
C:\Users\Nishat\Desktop\nishat work\dc-8-0000_ Sat-1_pre pw_Shakbaria_0.100Km\dc-8-0000_ sAT-1_pre pw_Shakbaria_0.100 KM.dwg,Model,2/9/2023 2:12:48 PM,Nishat,HP LaserJet 700 M712 [A31AA6].pc3,A3,1:0.199956,
C:\Users\Nishat\Desktop\nishat work\dc-8-0000_ Sat-1_pre pw_Shakbaria_0.100Km\dc-8-0000_ sAT-1_pre pw_Shakbaria_0.100 KM.dwg,Model,2/9/2023 2:12:59 PM,Nishat,HP LaserJet 700 M712 [A31AA6].pc3,A3,1:0.356934,
C:\Users\Nishat\Desktop\nishat work\dc-8-0000_ Sat-1_pre pw_Shakbaria_0.100Km\dc-8-0000_ sAT-1_pre pw_Shakbaria_0.100 KM.dwg,Model,2/9/2023 2:22:34 PM,Nishat,DWG To PDF.pc3,ISO expand A3 (297.00 x 420.00 MM),1:0.283094,
C:\Users\Nishat\Desktop\nishat work\dc-8-0000_ Sat-1_pre pw_Shakbaria_0.100Km\dc-8-0000_ sAT-1_pre pw_Shakbaria_0.100 KM.dwg,Model,2/9/2023 2:22:49 PM,Nishat,DWG To PDF.pc3,ISO expand A3 (297.00 x 420.00 MM),1:0.205739,
C:\Users\Nishat\Desktop\nishat work\dc-8-0000_ Sat-1_pre pw_Shakbaria_0.100Km\dc-8-0000_ sAT-1_pre pw_Shakbaria_0.100 KM.dwg,Model,2/9/2023 2:23:06 PM,Nishat,DWG To PDF.pc3,ISO expand A3 (297.00 x 420.00 MM),1:0.367257,
